<?xml version="1.0" encoding="UTF-8"?>
<testng-results ignored="0" total="1" passed="1" failed="0" skipped="0">
  <reporter-output>
  </reporter-output>
  <suite started-at="2023-06-01T22:47:03 IST" name="Default suite" finished-at="2023-06-01T22:48:06 IST" duration-ms="62896">
    <groups>
    </groups>
    <test started-at="2023-06-01T22:47:03 IST" name="Default test" finished-at="2023-06-01T22:48:06 IST" duration-ms="62896">
      <class name="RahulShetty.PracticePage">
        <test-method signature="assignment1()[pri:0, instance:RahulShetty.PracticePage@6a192cfe]" started-at="2023-06-01T22:47:03 IST" name="assignment1" finished-at="2023-06-01T22:48:06 IST" duration-ms="62840" status="PASS">
          <reporter-output>
          </reporter-output>
        </test-method> <!-- assignment1 -->
      </class> <!-- RahulShetty.PracticePage -->
    </test> <!-- Default test -->
  </suite> <!-- Default suite -->
</testng-results>
