<?xml version="1.0" encoding="UTF-8"?>
<testng-results ignored="0" total="1" passed="1" failed="0" skipped="0">
  <reporter-output>
  </reporter-output>
  <suite started-at="2023-06-02T06:25:38 GMT-07:00" name="Suite" finished-at="2023-06-02T06:25:45 GMT-07:00" duration-ms="6882">
    <groups>
    </groups>
    <test started-at="2023-06-02T06:25:38 GMT-07:00" name="Test" finished-at="2023-06-02T06:25:45 GMT-07:00" duration-ms="6882">
      <class name="GreenKart.MainLogic">
        <test-method signature="finalExecution()[pri:0, instance:GreenKart.MainLogic@28f2a10f]" started-at="2023-06-02T06:25:38 GMT-07:00" name="finalExecution" finished-at="2023-06-02T06:25:45 GMT-07:00" duration-ms="6836" status="PASS">
          <reporter-output>
          </reporter-output>
        </test-method> <!-- finalExecution -->
      </class> <!-- GreenKart.MainLogic -->
    </test> <!-- Test -->
  </suite> <!-- Suite -->
</testng-results>
